[debug] [2023-10-15T13:49:13.982Z] ----------------------------------------------------------------------
[debug] [2023-10-15T13:49:13.983Z] Command:       /Users/phamquanglong/.nvm/versions/node/v16.20.0/bin/node /Users/phamquanglong/.nvm/versions/node/v16.20.0/bin/firebase init
[debug] [2023-10-15T13:49:13.983Z] CLI Version:   12.7.0
[debug] [2023-10-15T13:49:13.983Z] Platform:      darwin
[debug] [2023-10-15T13:49:13.984Z] Node Version:  v16.20.0
[debug] [2023-10-15T13:49:13.984Z] Time:          Sun Oct 15 2023 20:49:13 GMT+0700 (Indochina Time)
[debug] [2023-10-15T13:49:13.984Z] ----------------------------------------------------------------------
[debug] 
[debug] [2023-10-15T13:49:13.987Z] > command requires scopes: ["email","openid","https://www.googleapis.com/auth/cloudplatformprojects.readonly","https://www.googleapis.com/auth/firebase","https://www.googleapis.com/auth/cloud-platform"]
[debug] [2023-10-15T13:49:13.987Z] > authorizing via signed-in user (phamquanglong51@gmail.com)
[info] 
     ######## #### ########  ######## ########     ###     ######  ########
     ##        ##  ##     ## ##       ##     ##  ##   ##  ##       ##
     ######    ##  ########  ######   ########  #########  ######  ######
     ##        ##  ##    ##  ##       ##     ## ##     ##       ## ##
     ##       #### ##     ## ######## ########  ##     ##  ######  ########

You're about to initialize a Firebase project in this directory:

  /Users/phamquanglong/Documents/haui.focus/hauiFocus

[info] 
=== Project Setup
[info] 
[info] First, let's associate this project directory with a Firebase project.
[info] You can create multiple project aliases by running firebase use --add, 
[info] but for now we'll just set up a default project.
[info] 
[debug] [2023-10-15T13:49:37.180Z] >>> [apiv2][query] GET https://firebase.googleapis.com/v1beta1/projects pageSize=100
[debug] [2023-10-15T13:49:37.909Z] <<< [apiv2][status] GET https://firebase.googleapis.com/v1beta1/projects 200
[debug] [2023-10-15T13:49:37.909Z] <<< [apiv2][body] GET https://firebase.googleapis.com/v1beta1/projects [omitted]
[info] i  Using project hauifocus (hauifocus) 
[info] 
=== Internalframeworks Setup
[info] i  First we need a few details to create your service. 
[debug] [2023-10-15T13:51:43.836Z] ----------------------------------------------------------------------
[debug] [2023-10-15T13:51:43.836Z] Command:       /Users/phamquanglong/.nvm/versions/node/v16.20.0/bin/node /Users/phamquanglong/.nvm/versions/node/v16.20.0/bin/firebase init
[debug] [2023-10-15T13:51:43.837Z] CLI Version:   12.7.0
[debug] [2023-10-15T13:51:43.837Z] Platform:      darwin
[debug] [2023-10-15T13:51:43.837Z] Node Version:  v16.20.0
[debug] [2023-10-15T13:51:43.838Z] Time:          Sun Oct 15 2023 20:51:43 GMT+0700 (Indochina Time)
[debug] [2023-10-15T13:51:43.838Z] ----------------------------------------------------------------------
[debug] 
[debug] [2023-10-15T13:51:43.841Z] > command requires scopes: ["email","openid","https://www.googleapis.com/auth/cloudplatformprojects.readonly","https://www.googleapis.com/auth/firebase","https://www.googleapis.com/auth/cloud-platform"]
[debug] [2023-10-15T13:51:43.841Z] > authorizing via signed-in user (phamquanglong51@gmail.com)
[info] 
     ######## #### ########  ######## ########     ###     ######  ########
     ##        ##  ##     ## ##       ##     ##  ##   ##  ##       ##
     ######    ##  ########  ######   ########  #########  ######  ######
     ##        ##  ##    ##  ##       ##     ## ##     ##       ## ##
     ##       #### ##     ## ######## ########  ##     ##  ######  ########

You're about to initialize a Firebase project in this directory:

  /Users/phamquanglong/Documents/haui.focus/hauiFocus

[info] 
=== Project Setup
[info] 
[info] First, let's associate this project directory with a Firebase project.
[info] You can create multiple project aliases by running firebase use --add, 
[info] but for now we'll just set up a default project.
[info] 
